d:\alexcarter\birdgame\birdgame\debug\vc120.pdb
d:\alexcarter\birdgame\birdgame\debug\vc120.idb
d:\alexcarter\birdgame\birdgame\debug\birdgame.obj
d:\alexcarter\birdgame\birdgame\debug\controls.obj
d:\alexcarter\birdgame\birdgame\debug\game.obj
d:\alexcarter\birdgame\birdgame\debug\maingame.obj
d:\alexcarter\birdgame\birdgame\debug\object.obj
d:\alexcarter\birdgame\birdgame\debug\pausescreen.obj
d:\alexcarter\birdgame\birdgame\debug\scene.obj
d:\alexcarter\birdgame\birdgame\debug\state.obj
d:\alexcarter\birdgame\birdgame\debug\statemachine.obj
d:\alexcarter\birdgame\birdgame\debug\substate.obj
d:\alexcarter\birdgame\birdgame\debug\time.obj
d:\alexcarter\birdgame\birdgame\debug\window.obj
d:\alexcarter\birdgame\birdgame\debug\graphicsmanager.obj
d:\alexcarter\birdgame\birdgame\debug\compontent.obj
d:\alexcarter\birdgame\birdgame\debug\entity.obj
d:\alexcarter\birdgame\birdgame\debug\component.obj
d:\alexcarter\birdgame\birdgame\debug\graphicsresource.obj
d:\alexcarter\birdgame\birdgame\debug\texture.obj
d:\alexcarter\birdgame\birdgame\debug\mesh.obj
d:\alexcarter\birdgame\birdgame\debug\shader.obj
d:\alexcarter\birdgame\birdgame\debug\objloader.obj
d:\alexcarter\birdgame\debug\birdgame.ilk
d:\alexcarter\birdgame\debug\birdgame.exe
d:\alexcarter\birdgame\debug\birdgame.pdb
d:\alexcarter\birdgame\birdgame\debug\birdgame.tlog\cl.command.1.tlog
d:\alexcarter\birdgame\birdgame\debug\birdgame.tlog\cl.read.1.tlog
d:\alexcarter\birdgame\birdgame\debug\birdgame.tlog\cl.write.1.tlog
d:\alexcarter\birdgame\birdgame\debug\birdgame.tlog\link.command.1.tlog
d:\alexcarter\birdgame\birdgame\debug\birdgame.tlog\link.read.1.tlog
d:\alexcarter\birdgame\birdgame\debug\birdgame.tlog\link.write.1.tlog
